// 重构日志: 3cd87955
// 重构日志: f1f57e4e
// 重构日志: fdd2f043
// 同步 ID: 58ded338 @ Mon Jul  6 21:14:15 UTC 2026
// 重构日志: 1f3d2836
// 重构日志: f78faed5
// 重构日志: bc5b8d8e
// 重构日志: 6b79bb1d
// 重构日志: bb6242be
// 同步 ID: 6f557111 @ Sat Jul 11 22:47:27 UTC 2026
// 同步 ID: 21488b74 @ Sun Jul 12 14:19:33 UTC 2026
// 重构日志: 99a9937f
// 同步 ID: ead68592 @ Tue Jul 14 07:03:56 UTC 2026
// 同步 ID: 227290d7 @ Tue Jul 14 12:16:51 UTC 2026
// 重构日志: 254d81e3
// 重构日志: 1ca2b7d2
// 重构日志: ffc57913
// 同步 ID: e721b3dd @ Thu Jul 16 12:01:56 UTC 2026
// 重构日志: 60be8b82
// 重构日志: 66d54fb3
// 同步 ID: 42fa2533 @ Fri Jul 17 18:19:18 UTC 2026
// 重构日志: 0a0fd54e
// 重构日志: 2aa7575a
// 重构日志: 66f735e8
// 重构日志: 8d1400a1
// 同步 ID: 2e329247 @ Sun Jul 19 07:15:36 UTC 2026
// 重构日志: 9ff87ccb
// 重构日志: b134888d
// 重构日志: e93b50ab
// 同步 ID: efad7fa4 @ Tue Jul 21 10:02:34 UTC 2026
// 重构日志: 65d02e71
// 重构日志: 50ccbadd
